
> frontend-react@0.0.0 dev
> vite


  [32m[1mVITE[22m v8.0.14[39m  [2mready in [0m[1m435[22m[2m[0m ms[22m

  [32m➜[39m  [1mLocal[22m:   [36mhttp://localhost:[1m5173[22m/[39m
[2m  [32m➜[39m  [1mNetwork[22m[2m: use [22m[1m--host[22m[2m to expose[22m
[2m9:29:34 AM[22m [31m[1m[vite][22m[39m [31m[2m(client)[22m[39m [2m[console.error] [22mEach child in a list should have a unique "key" prop.

Check the render method of `ImportTab`. See https://react.dev/link/warning-keys for more information.
[2m9:38:37 AM[22m [36m[1m[vite][22m[39m [90m[2m(client)[22m[39m [32mhmr update [39m[2m/src/tabs/ImportTab/index.tsx[22m
[2m9:39:36 AM[22m [36m[1m[vite][22m[39m [90m[2m(client)[22m[39m [32mhmr update [39m[2m/src/tabs/ImportTab/index.tsx[22m
[2m9:40:07 AM[22m [36m[1m[vite][22m[39m [90m[2m(client)[22m[39m [32mhmr update [39m[2m/src/tabs/ImportTab/index.tsx[22m
[2m9:42:15 AM[22m [36m[1m[vite][22m[39m [90m[2m(client)[22m[39m [32mhmr update [39m[2m/src/tabs/ImportTab/index.tsx[22m
[2m9:42:20 AM[22m [36m[1m[vite][22m[39m [90m[2m(client)[22m[39m [32mhmr update [39m[2m/src/tabs/ImportTab/index.tsx[22m
[2m9:46:51 AM[22m [31m[1m[vite][22m[39m [31m[2m(client)[22m[39m [2m[console.error] [22mEach child in a list should have a unique "key" prop.

Check the render method of `ImportTab`. See https://react.dev/link/warning-keys for more information.
[2m9:48:03 AM[22m [36m[1m[vite][22m[39m [90m[2m(client)[22m[39m [32mhmr update [39m[2m/src/tabs/ImportTab/index.tsx[22m
[2m9:52:17 AM[22m [31m[1m[vite][22m[39m [31m[2m(client)[22m[39m [2m[console.error] [22mEach child in a list should have a unique "key" prop.

Check the render method of `ImportTab`. See https://react.dev/link/warning-keys for more information.
[2m9:52:33 AM[22m [31m[1m[vite][22m[39m [31m[2m(client)[22m[39m [2m[console.error] [22mEach child in a list should have a unique "key" prop.

Check the render method of `tbody`. It was passed a child from OrdersTab. See https://react.dev/link/warning-keys for more information.
[2m10:35:32 AM[22m [36m[1m[vite][22m[39m [90m[2m(client)[22m[39m [32mhmr update [39m[2m/src/App.tsx[22m
[2m10:35:35 AM[22m [36m[1m[vite][22m[39m [90m[2m(client)[22m[39m [32mhmr update [39m[2m/src/App.tsx[22m
[2m10:35:39 AM[22m [36m[1m[vite][22m[39m [90m[2m(client)[22m[39m [32mhmr update [39m[2m/src/App.tsx[22m
[2m10:42:59 AM[22m [36m[1m[vite][22m[39m [90m[2m(client)[22m[39m [32mhmr update [39m[2m/src/tabs/WCLoadTab/index.tsx[22m
[2m10:50:07 AM[22m [36m[1m[vite][22m[39m [90m[2m(client)[22m[39m [32mhmr update [39m[2m/src/tabs/WCLoadTab/index.tsx[22m
[2m10:53:00 AM[22m [31m[1m[vite][22m[39m [31m[2m(client)[22m[39m [2m[console.error] [22mEncountered two children with the same key, `1000`. Keys should be unique so that components maintain their identity across updates. Non-unique keys may cause children to be duplicated and/or omitted — the behavior is unsupported and could change in a future version.
[2m10:53:00 AM[22m [31m[1m[vite][22m[39m [31m[2m(client)[22m[39m [2m[console.error] [22mEncountered two children with the same key, `1000`. Keys should be unique so that components maintain their identity across updates. Non-unique keys may cause children to be duplicated and/or omitted — the behavior is unsupported and could change in a future version.
[2m10:53:00 AM[22m [31m[1m[vite][22m[39m [31m[2m(client)[22m[39m [2m[console.error] [22mEncountered two children with the same key, `1000`. Keys should be unique so that components maintain their identity across updates. Non-unique keys may cause children to be duplicated and/or omitted — the behavior is unsupported and could change in a future version.
[2m10:53:00 AM[22m [31m[1m[vite][22m[39m [31m[2m(client)[22m[39m [2m[console.error] [22mEncountered two children with the same key, `1000`. Keys should be unique so that components maintain their identity across updates. Non-unique keys may cause children to be duplicated and/or omitted — the behavior is unsupported and could change in a future version.
[2m10:53:00 AM[22m [31m[1m[vite][22m[39m [31m[2m(client)[22m[39m [2m[console.error] [22mEncountered two children with the same key, `1000`. Keys should be unique so that components maintain their identity across updates. Non-unique keys may cause children to be duplicated and/or omitted — the behavior is unsupported and could change in a future version.
[2m10:53:27 AM[22m [31m[1m[vite][22m[39m [31m[2m(client)[22m[39m [2m[console.error] [22mEncountered two children with the same key, `1000`. Keys should be unique so that components maintain their identity across updates. Non-unique keys may cause children to be duplicated and/or omitted — the behavior is unsupported and could change in a future version.
[2m10:53:27 AM[22m [31m[1m[vite][22m[39m [31m[2m(client)[22m[39m [2m[console.error] [22mEncountered two children with the same key, `1000`. Keys should be unique so that components maintain their identity across updates. Non-unique keys may cause children to be duplicated and/or omitted — the behavior is unsupported and could change in a future version.
[2m10:53:27 AM[22m [31m[1m[vite][22m[39m [31m[2m(client)[22m[39m [2m[console.error] [22mEncountered two children with the same key, `1000`. Keys should be unique so that components maintain their identity across updates. Non-unique keys may cause children to be duplicated and/or omitted — the behavior is unsupported and could change in a future version.
[2m10:53:27 AM[22m [31m[1m[vite][22m[39m [31m[2m(client)[22m[39m [2m[console.error] [22mEncountered two children with the same key, `1000`. Keys should be unique so that components maintain their identity across updates. Non-unique keys may cause children to be duplicated and/or omitted — the behavior is unsupported and could change in a future version.
[2m10:53:27 AM[22m [31m[1m[vite][22m[39m [31m[2m(client)[22m[39m [2m[console.error] [22mEncountered two children with the same key, `1000`. Keys should be unique so that components maintain their identity across updates. Non-unique keys may cause children to be duplicated and/or omitted — the behavior is unsupported and could change in a future version.
[2m10:53:28 AM[22m [31m[1m[vite][22m[39m [31m[2m(client)[22m[39m [2m[console.error] [22mEncountered two children with the same key, `1000`. Keys should be unique so that components maintain their identity across updates. Non-unique keys may cause children to be duplicated and/or omitted — the behavior is unsupported and could change in a future version.
[2m10:53:28 AM[22m [31m[1m[vite][22m[39m [31m[2m(client)[22m[39m [2m[console.error] [22mEncountered two children with the same key, `1000`. Keys should be unique so that components maintain their identity across updates. Non-unique keys may cause children to be duplicated and/or omitted — the behavior is unsupported and could change in a future version.
[2m10:53:28 AM[22m [31m[1m[vite][22m[39m [31m[2m(client)[22m[39m [2m[console.error] [22mEncountered two children with the same key, `1000`. Keys should be unique so that components maintain their identity across updates. Non-unique keys may cause children to be duplicated and/or omitted — the behavior is unsupported and could change in a future version.
[2m10:53:28 AM[22m [31m[1m[vite][22m[39m [31m[2m(client)[22m[39m [2m[console.error] [22mEncountered two children with the same key, `1000`. Keys should be unique so that components maintain their identity across updates. Non-unique keys may cause children to be duplicated and/or omitted — the behavior is unsupported and could change in a future version.
[2m10:53:28 AM[22m [31m[1m[vite][22m[39m [31m[2m(client)[22m[39m [2m[console.error] [22mEncountered two children with the same key, `1000`. Keys should be unique so that components maintain their identity across updates. Non-unique keys may cause children to be duplicated and/or omitted — the behavior is unsupported and could change in a future version.
[2m10:53:29 AM[22m [31m[1m[vite][22m[39m [31m[2m(client)[22m[39m [2m[console.error] [22mEncountered two children with the same key, `1000`. Keys should be unique so that components maintain their identity across updates. Non-unique keys may cause children to be duplicated and/or omitted — the behavior is unsupported and could change in a future version.
[2m10:53:29 AM[22m [31m[1m[vite][22m[39m [31m[2m(client)[22m[39m [2m[console.error] [22mEncountered two children with the same key, `1000`. Keys should be unique so that components maintain their identity across updates. Non-unique keys may cause children to be duplicated and/or omitted — the behavior is unsupported and could change in a future version.
[2m10:53:29 AM[22m [31m[1m[vite][22m[39m [31m[2m(client)[22m[39m [2m[console.error] [22mEncountered two children with the same key, `1000`. Keys should be unique so that components maintain their identity across updates. Non-unique keys may cause children to be duplicated and/or omitted — the behavior is unsupported and could change in a future version.
[2m10:53:29 AM[22m [31m[1m[vite][22m[39m [31m[2m(client)[22m[39m [2m[console.error] [22mEncountered two children with the same key, `1000`. Keys should be unique so that components maintain their identity across updates. Non-unique keys may cause children to be duplicated and/or omitted — the behavior is unsupported and could change in a future version.
[2m10:53:29 AM[22m [31m[1m[vite][22m[39m [31m[2m(client)[22m[39m [2m[console.error] [22mEncountered two children with the same key, `1000`. Keys should be unique so that components maintain their identity across updates. Non-unique keys may cause children to be duplicated and/or omitted — the behavior is unsupported and could change in a future version.
[2m10:53:29 AM[22m [31m[1m[vite][22m[39m [31m[2m(client)[22m[39m [2m[console.error] [22mEncountered two children with the same key, `1000`. Keys should be unique so that components maintain their identity across updates. Non-unique keys may cause children to be duplicated and/or omitted — the behavior is unsupported and could change in a future version.
[2m10:53:29 AM[22m [31m[1m[vite][22m[39m [31m[2m(client)[22m[39m [2m[console.error] [22mEncountered two children with the same key, `1000`. Keys should be unique so that components maintain their identity across updates. Non-unique keys may cause children to be duplicated and/or omitted — the behavior is unsupported and could change in a future version.
[2m10:53:29 AM[22m [31m[1m[vite][22m[39m [31m[2m(client)[22m[39m [2m[console.error] [22mEncountered two children with the same key, `1000`. Keys should be unique so that components maintain their identity across updates. Non-unique keys may cause children to be duplicated and/or omitted — the behavior is unsupported and could change in a future version.
[2m10:53:29 AM[22m [31m[1m[vite][22m[39m [31m[2m(client)[22m[39m [2m[console.error] [22mEncountered two children with the same key, `1000`. Keys should be unique so that components maintain their identity across updates. Non-unique keys may cause children to be duplicated and/or omitted — the behavior is unsupported and could change in a future version.
[2m10:53:29 AM[22m [31m[1m[vite][22m[39m [31m[2m(client)[22m[39m [2m[console.error] [22mEncountered two children with the same key, `1000`. Keys should be unique so that components maintain their identity across updates. Non-unique keys may cause children to be duplicated and/or omitted — the behavior is unsupported and could change in a future version.
[2m10:53:57 AM[22m [31m[1m[vite][22m[39m [31m[2m(client)[22m[39m [2m[console.error] [22mEncountered two children with the same key, `1000`. Keys should be unique so that components maintain their identity across updates. Non-unique keys may cause children to be duplicated and/or omitted — the behavior is unsupported and could change in a future version.
[2m10:53:57 AM[22m [31m[1m[vite][22m[39m [31m[2m(client)[22m[39m [2m[console.error] [22mEncountered two children with the same key, `1000`. Keys should be unique so that components maintain their identity across updates. Non-unique keys may cause children to be duplicated and/or omitted — the behavior is unsupported and could change in a future version.
[2m10:53:57 AM[22m [31m[1m[vite][22m[39m [31m[2m(client)[22m[39m [2m[console.error] [22mEncountered two children with the same key, `1000`. Keys should be unique so that components maintain their identity across updates. Non-unique keys may cause children to be duplicated and/or omitted — the behavior is unsupported and could change in a future version.
[2m10:53:57 AM[22m [31m[1m[vite][22m[39m [31m[2m(client)[22m[39m [2m[console.error] [22mEncountered two children with the same key, `1000`. Keys should be unique so that components maintain their identity across updates. Non-unique keys may cause children to be duplicated and/or omitted — the behavior is unsupported and could change in a future version.
[2m10:53:57 AM[22m [31m[1m[vite][22m[39m [31m[2m(client)[22m[39m [2m[console.error] [22mEncountered two children with the same key, `1000`. Keys should be unique so that components maintain their identity across updates. Non-unique keys may cause children to be duplicated and/or omitted — the behavior is unsupported and could change in a future version.
[2m10:54:24 AM[22m [31m[1m[vite][22m[39m [31m[2m(client)[22m[39m [2m[console.error] [22mEncountered two children with the same key, `1000`. Keys should be unique so that components maintain their identity across updates. Non-unique keys may cause children to be duplicated and/or omitted — the behavior is unsupported and could change in a future version.
[2m10:54:24 AM[22m [31m[1m[vite][22m[39m [31m[2m(client)[22m[39m [2m[console.error] [22mEncountered two children with the same key, `1000`. Keys should be unique so that components maintain their identity across updates. Non-unique keys may cause children to be duplicated and/or omitted — the behavior is unsupported and could change in a future version.
[2m10:54:24 AM[22m [31m[1m[vite][22m[39m [31m[2m(client)[22m[39m [2m[console.error] [22mEncountered two children with the same key, `1000`. Keys should be unique so that components maintain their identity across updates. Non-unique keys may cause children to be duplicated and/or omitted — the behavior is unsupported and could change in a future version.
[2m10:54:24 AM[22m [31m[1m[vite][22m[39m [31m[2m(client)[22m[39m [2m[console.error] [22mEncountered two children with the same key, `1000`. Keys should be unique so that components maintain their identity across updates. Non-unique keys may cause children to be duplicated and/or omitted — the behavior is unsupported and could change in a future version.
[2m10:54:24 AM[22m [31m[1m[vite][22m[39m [31m[2m(client)[22m[39m [2m[console.error] [22mEncountered two children with the same key, `1000`. Keys should be unique so that components maintain their identity across updates. Non-unique keys may cause children to be duplicated and/or omitted — the behavior is unsupported and could change in a future version.
[2m10:54:32 AM[22m [31m[1m[vite][22m[39m [31m[2m(client)[22m[39m [2m[console.error] [22mEncountered two children with the same key, `1000`. Keys should be unique so that components maintain their identity across updates. Non-unique keys may cause children to be duplicated and/or omitted — the behavior is unsupported and could change in a future version.
[2m10:54:32 AM[22m [31m[1m[vite][22m[39m [31m[2m(client)[22m[39m [2m[console.error] [22mEncountered two children with the same key, `1000`. Keys should be unique so that components maintain their identity across updates. Non-unique keys may cause children to be duplicated and/or omitted — the behavior is unsupported and could change in a future version.
[2m10:54:32 AM[22m [31m[1m[vite][22m[39m [31m[2m(client)[22m[39m [2m[console.error] [22mEncountered two children with the same key, `1000`. Keys should be unique so that components maintain their identity across updates. Non-unique keys may cause children to be duplicated and/or omitted — the behavior is unsupported and could change in a future version.
[2m10:54:32 AM[22m [31m[1m[vite][22m[39m [31m[2m(client)[22m[39m [2m[console.error] [22mEncountered two children with the same key, `1000`. Keys should be unique so that components maintain their identity across updates. Non-unique keys may cause children to be duplicated and/or omitted — the behavior is unsupported and could change in a future version.
[2m10:54:32 AM[22m [31m[1m[vite][22m[39m [31m[2m(client)[22m[39m [2m[console.error] [22mEncountered two children with the same key, `1000`. Keys should be unique so that components maintain their identity across updates. Non-unique keys may cause children to be duplicated and/or omitted — the behavior is unsupported and could change in a future version.
[2m10:54:32 AM[22m [31m[1m[vite][22m[39m [31m[2m(client)[22m[39m [2m[console.error] [22mEncountered two children with the same key, `1000`. Keys should be unique so that components maintain their identity across updates. Non-unique keys may cause children to be duplicated and/or omitted — the behavior is unsupported and could change in a future version.
[2m10:54:32 AM[22m [31m[1m[vite][22m[39m [31m[2m(client)[22m[39m [2m[console.error] [22mEncountered two children with the same key, `1000`. Keys should be unique so that components maintain their identity across updates. Non-unique keys may cause children to be duplicated and/or omitted — the behavior is unsupported and could change in a future version.
[2m10:54:32 AM[22m [31m[1m[vite][22m[39m [31m[2m(client)[22m[39m [2m[console.error] [22mEncountered two children with the same key, `1000`. Keys should be unique so that components maintain their identity across updates. Non-unique keys may cause children to be duplicated and/or omitted — the behavior is unsupported and could change in a future version.
[2m10:54:32 AM[22m [31m[1m[vite][22m[39m [31m[2m(client)[22m[39m [2m[console.error] [22mEncountered two children with the same key, `1000`. Keys should be unique so that components maintain their identity across updates. Non-unique keys may cause children to be duplicated and/or omitted — the behavior is unsupported and could change in a future version.
[2m10:54:32 AM[22m [31m[1m[vite][22m[39m [31m[2m(client)[22m[39m [2m[console.error] [22mEncountered two children with the same key, `1000`. Keys should be unique so that components maintain their identity across updates. Non-unique keys may cause children to be duplicated and/or omitted — the behavior is unsupported and could change in a future version.
[2m10:54:39 AM[22m [31m[1m[vite][22m[39m [31m[2m(client)[22m[39m [2m[console.error] [22mEncountered two children with the same key, `1000`. Keys should be unique so that components maintain their identity across updates. Non-unique keys may cause children to be duplicated and/or omitted — the behavior is unsupported and could change in a future version.
[2m10:54:39 AM[22m [31m[1m[vite][22m[39m [31m[2m(client)[22m[39m [2m[console.error] [22mEncountered two children with the same key, `1000`. Keys should be unique so that components maintain their identity across updates. Non-unique keys may cause children to be duplicated and/or omitted — the behavior is unsupported and could change in a future version.
[2m10:54:39 AM[22m [31m[1m[vite][22m[39m [31m[2m(client)[22m[39m [2m[console.error] [22mEncountered two children with the same key, `1000`. Keys should be unique so that components maintain their identity across updates. Non-unique keys may cause children to be duplicated and/or omitted — the behavior is unsupported and could change in a future version.
[2m10:54:39 AM[22m [31m[1m[vite][22m[39m [31m[2m(client)[22m[39m [2m[console.error] [22mEncountered two children with the same key, `1000`. Keys should be unique so that components maintain their identity across updates. Non-unique keys may cause children to be duplicated and/or omitted — the behavior is unsupported and could change in a future version.
[2m10:54:39 AM[22m [31m[1m[vite][22m[39m [31m[2m(client)[22m[39m [2m[console.error] [22mEncountered two children with the same key, `1000`. Keys should be unique so that components maintain their identity across updates. Non-unique keys may cause children to be duplicated and/or omitted — the behavior is unsupported and could change in a future version.
[2m10:54:39 AM[22m [31m[1m[vite][22m[39m [31m[2m(client)[22m[39m [2m[console.error] [22mEncountered two children with the same key, `1000`. Keys should be unique so that components maintain their identity across updates. Non-unique keys may cause children to be duplicated and/or omitted — the behavior is unsupported and could change in a future version.
[2m10:54:39 AM[22m [31m[1m[vite][22m[39m [31m[2m(client)[22m[39m [2m[console.error] [22mEncountered two children with the same key, `1000`. Keys should be unique so that components maintain their identity across updates. Non-unique keys may cause children to be duplicated and/or omitted — the behavior is unsupported and could change in a future version.
[2m10:54:39 AM[22m [31m[1m[vite][22m[39m [31m[2m(client)[22m[39m [2m[console.error] [22mEncountered two children with the same key, `1000`. Keys should be unique so that components maintain their identity across updates. Non-unique keys may cause children to be duplicated and/or omitted — the behavior is unsupported and could change in a future version.
[2m10:54:39 AM[22m [31m[1m[vite][22m[39m [31m[2m(client)[22m[39m [2m[console.error] [22mEncountered two children with the same key, `1000`. Keys should be unique so that components maintain their identity across updates. Non-unique keys may cause children to be duplicated and/or omitted — the behavior is unsupported and could change in a future version.
[2m10:54:39 AM[22m [31m[1m[vite][22m[39m [31m[2m(client)[22m[39m [2m[console.error] [22mEncountered two children with the same key, `1000`. Keys should be unique so that components maintain their identity across updates. Non-unique keys may cause children to be duplicated and/or omitted — the behavior is unsupported and could change in a future version.
[2m10:54:46 AM[22m [31m[1m[vite][22m[39m [31m[2m(client)[22m[39m [2m[console.error] [22mEncountered two children with the same key, `1000`. Keys should be unique so that components maintain their identity across updates. Non-unique keys may cause children to be duplicated and/or omitted — the behavior is unsupported and could change in a future version.
[2m10:54:46 AM[22m [31m[1m[vite][22m[39m [31m[2m(client)[22m[39m [2m[console.error] [22mEncountered two children with the same key, `1000`. Keys should be unique so that components maintain their identity across updates. Non-unique keys may cause children to be duplicated and/or omitted — the behavior is unsupported and could change in a future version.
[2m10:54:46 AM[22m [31m[1m[vite][22m[39m [31m[2m(client)[22m[39m [2m[console.error] [22mEncountered two children with the same key, `1000`. Keys should be unique so that components maintain their identity across updates. Non-unique keys may cause children to be duplicated and/or omitted — the behavior is unsupported and could change in a future version.
[2m10:54:46 AM[22m [31m[1m[vite][22m[39m [31m[2m(client)[22m[39m [2m[console.error] [22mEncountered two children with the same key, `1000`. Keys should be unique so that components maintain their identity across updates. Non-unique keys may cause children to be duplicated and/or omitted — the behavior is unsupported and could change in a future version.
[2m10:54:46 AM[22m [31m[1m[vite][22m[39m [31m[2m(client)[22m[39m [2m[console.error] [22mEncountered two children with the same key, `1000`. Keys should be unique so that components maintain their identity across updates. Non-unique keys may cause children to be duplicated and/or omitted — the behavior is unsupported and could change in a future version.
[2m10:54:46 AM[22m [31m[1m[vite][22m[39m [31m[2m(client)[22m[39m [2m[console.error] [22mEncountered two children with the same key, `1000`. Keys should be unique so that components maintain their identity across updates. Non-unique keys may cause children to be duplicated and/or omitted — the behavior is unsupported and could change in a future version.
[2m10:54:46 AM[22m [31m[1m[vite][22m[39m [31m[2m(client)[22m[39m [2m[console.error] [22mEncountered two children with the same key, `1000`. Keys should be unique so that components maintain their identity across updates. Non-unique keys may cause children to be duplicated and/or omitted — the behavior is unsupported and could change in a future version.
[2m10:54:46 AM[22m [31m[1m[vite][22m[39m [31m[2m(client)[22m[39m [2m[console.error] [22mEncountered two children with the same key, `1000`. Keys should be unique so that components maintain their identity across updates. Non-unique keys may cause children to be duplicated and/or omitted — the behavior is unsupported and could change in a future version.
[2m10:54:46 AM[22m [31m[1m[vite][22m[39m [31m[2m(client)[22m[39m [2m[console.error] [22mEncountered two children with the same key, `1000`. Keys should be unique so that components maintain their identity across updates. Non-unique keys may cause children to be duplicated and/or omitted — the behavior is unsupported and could change in a future version.
[2m10:54:46 AM[22m [31m[1m[vite][22m[39m [31m[2m(client)[22m[39m [2m[console.error] [22mEncountered two children with the same key, `1000`. Keys should be unique so that components maintain their identity across updates. Non-unique keys may cause children to be duplicated and/or omitted — the behavior is unsupported and could change in a future version.
[2m10:54:55 AM[22m [31m[1m[vite][22m[39m [31m[2m(client)[22m[39m [2m[console.error] [22mEncountered two children with the same key, `1000`. Keys should be unique so that components maintain their identity across updates. Non-unique keys may cause children to be duplicated and/or omitted — the behavior is unsupported and could change in a future version.
[2m10:54:55 AM[22m [31m[1m[vite][22m[39m [31m[2m(client)[22m[39m [2m[console.error] [22mEncountered two children with the same key, `1000`. Keys should be unique so that components maintain their identity across updates. Non-unique keys may cause children to be duplicated and/or omitted — the behavior is unsupported and could change in a future version.
[2m10:54:55 AM[22m [31m[1m[vite][22m[39m [31m[2m(client)[22m[39m [2m[console.error] [22mEncountered two children with the same key, `1000`. Keys should be unique so that components maintain their identity across updates. Non-unique keys may cause children to be duplicated and/or omitted — the behavior is unsupported and could change in a future version.
[2m10:54:55 AM[22m [31m[1m[vite][22m[39m [31m[2m(client)[22m[39m [2m[console.error] [22mEncountered two children with the same key, `1000`. Keys should be unique so that components maintain their identity across updates. Non-unique keys may cause children to be duplicated and/or omitted — the behavior is unsupported and could change in a future version.
[2m10:54:55 AM[22m [31m[1m[vite][22m[39m [31m[2m(client)[22m[39m [2m[console.error] [22mEncountered two children with the same key, `1000`. Keys should be unique so that components maintain their identity across updates. Non-unique keys may cause children to be duplicated and/or omitted — the behavior is unsupported and could change in a future version.
[2m10:54:55 AM[22m [31m[1m[vite][22m[39m [31m[2m(client)[22m[39m [2m[console.error] [22mEncountered two children with the same key, `1000`. Keys should be unique so that components maintain their identity across updates. Non-unique keys may cause children to be duplicated and/or omitted — the behavior is unsupported and could change in a future version.
[2m10:54:55 AM[22m [31m[1m[vite][22m[39m [31m[2m(client)[22m[39m [2m[console.error] [22mEncountered two children with the same key, `1000`. Keys should be unique so that components maintain their identity across updates. Non-unique keys may cause children to be duplicated and/or omitted — the behavior is unsupported and could change in a future version.
[2m10:54:55 AM[22m [31m[1m[vite][22m[39m [31m[2m(client)[22m[39m [2m[console.error] [22mEncountered two children with the same key, `1000`. Keys should be unique so that components maintain their identity across updates. Non-unique keys may cause children to be duplicated and/or omitted — the behavior is unsupported and could change in a future version.
[2m10:55:02 AM[22m [31m[1m[vite][22m[39m [31m[2m(client)[22m[39m [2m[console.error] [22mEncountered two children with the same key, `1000`. Keys should be unique so that components maintain their identity across updates. Non-unique keys may cause children to be duplicated and/or omitted — the behavior is unsupported and could change in a future version.
[2m10:55:02 AM[22m [31m[1m[vite][22m[39m [31m[2m(client)[22m[39m [2m[console.error] [22mEncountered two children with the same key, `1000`. Keys should be unique so that components maintain their identity across updates. Non-unique keys may cause children to be duplicated and/or omitted — the behavior is unsupported and could change in a future version.
[2m10:55:02 AM[22m [31m[1m[vite][22m[39m [31m[2m(client)[22m[39m [2m[console.error] [22mEncountered two children with the same key, `1000`. Keys should be unique so that components maintain their identity across updates. Non-unique keys may cause children to be duplicated and/or omitted — the behavior is unsupported and could change in a future version.
[2m10:55:02 AM[22m [31m[1m[vite][22m[39m [31m[2m(client)[22m[39m [2m[console.error] [22mEncountered two children with the same key, `1000`. Keys should be unique so that components maintain their identity across updates. Non-unique keys may cause children to be duplicated and/or omitted — the behavior is unsupported and could change in a future version.
[2m10:55:02 AM[22m [31m[1m[vite][22m[39m [31m[2m(client)[22m[39m [2m[console.error] [22mEncountered two children with the same key, `1000`. Keys should be unique so that components maintain their identity across updates. Non-unique keys may cause children to be duplicated and/or omitted — the behavior is unsupported and could change in a future version.
[2m10:55:02 AM[22m [31m[1m[vite][22m[39m [31m[2m(client)[22m[39m [2m[console.error] [22mEncountered two children with the same key, `1000`. Keys should be unique so that components maintain their identity across updates. Non-unique keys may cause children to be duplicated and/or omitted — the behavior is unsupported and could change in a future version.
[2m10:55:02 AM[22m [31m[1m[vite][22m[39m [31m[2m(client)[22m[39m [2m[console.error] [22mEncountered two children with the same key, `1000`. Keys should be unique so that components maintain their identity across updates. Non-unique keys may cause children to be duplicated and/or omitted — the behavior is unsupported and could change in a future version.
[2m10:55:02 AM[22m [31m[1m[vite][22m[39m [31m[2m(client)[22m[39m [2m[console.error] [22mEncountered two children with the same key, `1000`. Keys should be unique so that components maintain their identity across updates. Non-unique keys may cause children to be duplicated and/or omitted — the behavior is unsupported and could change in a future version.
[2m10:55:07 AM[22m [31m[1m[vite][22m[39m [31m[2m(client)[22m[39m [2m[console.error] [22mEncountered two children with the same key, `1000`. Keys should be unique so that components maintain their identity across updates. Non-unique keys may cause children to be duplicated and/or omitted — the behavior is unsupported and could change in a future version.
[2m10:55:07 AM[22m [31m[1m[vite][22m[39m [31m[2m(client)[22m[39m [2m[console.error] [22mEncountered two children with the same key, `1000`. Keys should be unique so that components maintain their identity across updates. Non-unique keys may cause children to be duplicated and/or omitted — the behavior is unsupported and could change in a future version.
[2m10:55:07 AM[22m [31m[1m[vite][22m[39m [31m[2m(client)[22m[39m [2m[console.error] [22mEncountered two children with the same key, `1000`. Keys should be unique so that components maintain their identity across updates. Non-unique keys may cause children to be duplicated and/or omitted — the behavior is unsupported and could change in a future version.
[2m10:55:07 AM[22m [31m[1m[vite][22m[39m [31m[2m(client)[22m[39m [2m[console.error] [22mEncountered two children with the same key, `1000`. Keys should be unique so that components maintain their identity across updates. Non-unique keys may cause children to be duplicated and/or omitted — the behavior is unsupported and could change in a future version.
[2m10:56:21 AM[22m [36m[1m[vite][22m[39m [90m[2m(client)[22m[39m [32mhmr update [39m[2m/src/tabs/WCLoadTab/index.tsx[22m
[2m11:03:29 AM[22m [36m[1m[vite][22m[39m [90m[2m(client)[22m[39m [32mhmr update [39m[2m/src/tabs/ImportTab/index.tsx[22m
[2m11:03:33 AM[22m [36m[1m[vite][22m[39m [90m[2m(client)[22m[39m [32mhmr update [39m[2m/src/tabs/ImportTab/index.tsx[22m
[2m11:03:43 AM[22m [36m[1m[vite][22m[39m [90m[2m(client)[22m[39m [32mhmr update [39m[2m/src/tabs/ImportTab/index.tsx[22m
[2m11:03:57 AM[22m [36m[1m[vite][22m[39m [90m[2m(client)[22m[39m [32mhmr update [39m[2m/src/tabs/ImportTab/index.tsx[22m
[2m11:09:55 AM[22m [36m[1m[vite][22m[39m [90m[2m(client)[22m[39m [32mhmr update [39m[2m/src/tabs/ImportTab/index.tsx[22m
[2m11:10:25 AM[22m [36m[1m[vite][22m[39m [90m[2m(client)[22m[39m [32mhmr update [39m[2m/src/tabs/ImportTab/index.tsx[22m
[2m11:16:30 AM[22m [31m[1m[vite][22m[39m [31m[2m(client)[22m[39m [2m[console.error] [22mEach child in a list should have a unique "key" prop.

Check the render method of `tbody`. It was passed a child from OrdersTab. See https://react.dev/link/warning-keys for more information.
[2m11:28:15 AM[22m [36m[1m[vite][22m[39m [90m[2m(client)[22m[39m [32mhmr update [39m[2m/src/tabs/DataTab/index.tsx[22m
[2m11:28:44 AM[22m [36m[1m[vite][22m[39m [90m[2m(client)[22m[39m [32mhmr update [39m[2m/src/tabs/DataTab/index.tsx[22m
[2m11:28:49 AM[22m [36m[1m[vite][22m[39m [90m[2m(client)[22m[39m [32mhmr update [39m[2m/src/tabs/DataTab/index.tsx[22m
[2m11:39:29 AM[22m [31m[1m[vite][22m[39m [31m[2m(client)[22m[39m [2m[console.error] [22mEach child in a list should have a unique "key" prop.

Check the render method of `tbody`. It was passed a child from OrdersTab. See https://react.dev/link/warning-keys for more information.
[2m11:52:27 AM[22m [36m[1m[vite][22m[39m [90m[2m(client)[22m[39m [32mhmr update [39m[2m/src/tabs/SapRoutingTab/index.tsx[22m
[2m1:32:06 PM[22m [36m[1m[vite][22m[39m [90m[2m(client)[22m[39m [32mhmr update [39m[2m/src/App.tsx[22m
[2m1:32:10 PM[22m [36m[1m[vite][22m[39m [90m[2m(client)[22m[39m [32mhmr update [39m[2m/src/App.tsx[22m
[2m1:32:14 PM[22m [36m[1m[vite][22m[39m [90m[2m(client)[22m[39m [32mhmr update [39m[2m/src/App.tsx[22m
[2m1:39:18 PM[22m [36m[1m[vite][22m[39m [90m[2m(client)[22m[39m [32mhmr update [39m[2m/src/tabs/SapWCLoadTab/index.tsx[22m
[2m1:40:58 PM[22m [31m[1m[vite][22m[39m [31m[2m(client)[22m[39m [31m[Unhandled rejection] [1mError[22m: API 404: <!DOCTYPE html>
<html lang="en">
<head>
<meta charset="utf-8">
<title>Error</title>
</head>
<body>
<pre>Cannot PUT /api/item-codes/55555555555</pre>
</body>
</html>

[39m > request src/api.ts:10:21
    8  |      ...options,
    9  |    })
    10 |    if (!res.ok) throw new Error(`API ${res.status}: ${await res.text()}`)
       |                       ^
    11 |    if (res.status === 204) return undefined as T
    12 |    return res.json() as Promise<T>
 > handleSave src/tabs/ItemDecodeTab/index.tsx:35:4

[2m1:59:30 PM[22m [31m[1m[vite][22m[39m [31m[2m(client)[22m[39m [2m[console.error] [22mEach child in a list should have a unique "key" prop.

Check the render method of `ImportTab`. See https://react.dev/link/warning-keys for more information.
[2m2:06:12 PM[22m [36m[1m[vite][22m[39m [90m[2m(client)[22m[39m [32mhmr update [39m[2m/src/tabs/ImportTab/index.tsx[22m
[2m2:06:23 PM[22m [36m[1m[vite][22m[39m [90m[2m(client)[22m[39m [32mhmr update [39m[2m/src/tabs/ImportTab/index.tsx[22m
[2m2:06:24 PM[22m [36m[1m[vite][22m[39m [90m[2m(client)[22m[39m [32mhmr update [39m[2m/src/tabs/ImportTab/index.tsx[22m
[2m2:06:59 PM[22m [36m[1m[vite][22m[39m [90m[2m(client)[22m[39m [32mhmr update [39m[2m/src/tabs/ImportTab/index.tsx[22m
[2m2:07:30 PM[22m [36m[1m[vite][22m[39m [90m[2m(client)[22m[39m [32mhmr update [39m[2m/src/tabs/ImportTab/index.tsx[22m
[2m2:09:42 PM[22m [31m[1m[vite][22m[39m [31m[2m(client)[22m[39m [2m[console.error] [22mEach child in a list should have a unique "key" prop.

Check the render method of `ImportTab`. See https://react.dev/link/warning-keys for more information.
[2m2:12:41 PM[22m [36m[1m[vite][22m[39m [90m[2m(client)[22m[39m [32mhmr update [39m[2m/src/tabs/DataTab/index.tsx[22m
[2m2:13:27 PM[22m [36m[1m[vite][22m[39m [90m[2m(client)[22m[39m [32mhmr update [39m[2m/src/tabs/DataTab/index.tsx[22m
[2m2:13:39 PM[22m [36m[1m[vite][22m[39m [90m[2m(client)[22m[39m [32mhmr update [39m[2m/src/tabs/DataTab/index.tsx[22m
[2m2:17:12 PM[22m [36m[1m[vite][22m[39m [90m[2m(client)[22m[39m [32mhmr update [39m[2m/src/tabs/DataTab/index.tsx[22m
[2m2:33:11 PM[22m [36m[1m[vite][22m[39m [90m[2m(client)[22m[39m [32mhmr update [39m[2m/src/tabs/DataTab/index.tsx[22m
[2m2:37:03 PM[22m [31m[1m[vite][22m[39m [31m[2m(client)[22m[39m [2m[console.error] [22mEach child in a list should have a unique "key" prop.

Check the render method of `ImportTab`. See https://react.dev/link/warning-keys for more information.
[2m2:43:16 PM[22m [36m[1m[vite][22m[39m [90m[2m(client)[22m[39m [32mhmr update [39m[2m/src/tabs/ImportTab/index.tsx[22m
[2m2:43:26 PM[22m [36m[1m[vite][22m[39m [90m[2m(client)[22m[39m [32mhmr update [39m[2m/src/tabs/ImportTab/index.tsx[22m
[2m2:43:31 PM[22m [36m[1m[vite][22m[39m [90m[2m(client)[22m[39m [32mhmr update [39m[2m/src/tabs/ImportTab/index.tsx[22m
[2m2:44:23 PM[22m [31m[1m[vite][22m[39m [31m[2m(client)[22m[39m [2m[console.error] [22mEach child in a list should have a unique "key" prop.

Check the render method of `ImportTab`. See https://react.dev/link/warning-keys for more information.
[2m2:46:10 PM[22m [36m[1m[vite][22m[39m [90m[2m(client)[22m[39m [32mhmr update [39m[2m/src/tabs/DataTab/index.tsx[22m
[2m2:46:17 PM[22m [36m[1m[vite][22m[39m [90m[2m(client)[22m[39m [32mhmr update [39m[2m/src/tabs/DataTab/index.tsx[22m
[2m2:49:12 PM[22m [31m[1m[vite][22m[39m [31m[2m(client)[22m[39m [2m[console.error] [22mEach child in a list should have a unique "key" prop.

Check the render method of `ImportTab`. See https://react.dev/link/warning-keys for more information.
[2m2:52:32 PM[22m [36m[1m[vite][22m[39m [90m[2m(client)[22m[39m [32mhmr update [39m[2m/src/tabs/DataTab/index.tsx[22m
[2m2:59:33 PM[22m [36m[1m[vite][22m[39m [90m[2m(client)[22m[39m [32mhmr update [39m[2m/src/tabs/ImportTab/index.tsx[22m
[2m2:59:41 PM[22m [36m[1m[vite][22m[39m [90m[2m(client)[22m[39m [32mhmr update [39m[2m/src/tabs/DataTab/index.tsx[22m
[2m3:00:14 PM[22m [36m[1m[vite][22m[39m [90m[2m(client)[22m[39m [32mhmr update [39m[2m/src/tabs/DataTab/index.tsx[22m
[2m3:05:30 PM[22m [31m[1m[vite][22m[39m [31m[2m(client)[22m[39m [2m[console.error] [22mEach child in a list should have a unique "key" prop.

Check the render method of `ImportTab`. See https://react.dev/link/warning-keys for more information.
